Build started 2014-06-16 16:18:55.
     1>Project "C:\cygwin64\home\goluch\Taktyk\UnitTestGameEngines\UnitTestGameEngines.vcxproj" on node 2 (Rebuild target(s)).
     1>ClCompile:
         C:\Program Files (x86)\Microsoft Visual Studio 12.0\VC\bin\CL.exe /c /I"C:\Program Files (x86)\Microsoft Visual Studio 12.0\VC\UnitTest\include" /ZI /nologo /W3 /WX- /Od /Oy- /D WIN32 /D _DEBUG /D _WINDLL /D _UNICODE /D UNICODE /Gm /EHsc /RTC1 /MDd /GS /fp:precise /Zc:wchar_t /Zc:forScope /Fo"Debug\\" /Fd"Debug\vc120.pdb" /Gd /TP /analyze- /FC /errorReport:prompt unittestCaptureGoEngine.cpp
         unittestCaptureGoEngine.cpp
     1>c:\cygwin64\home\goluch\taktyk\gameengines\capturegoengine.cpp(27): warning C4018: '<' : signed/unsigned mismatch
     1>c:\cygwin64\home\goluch\taktyk\gameengines\capturegoengine.cpp(32): warning C4334: '<<' : result of 32-bit shift implicitly converted to 64 bits (was 64-bit shift intended?)
     1>c:\cygwin64\home\goluch\taktyk\gameengines\capturegoengine.cpp(88): warning C4018: '<' : signed/unsigned mismatch
     1>c:\cygwin64\home\goluch\taktyk\gameengines\capturegoengine.cpp(166): warning C4018: '<' : signed/unsigned mismatch
       Link:
         C:\Program Files (x86)\Microsoft Visual Studio 12.0\VC\bin\link.exe /ERRORREPORT:PROMPT /OUT:"C:\cygwin64\home\goluch\Taktyk\Debug\UnitTestGameEngines.dll" /INCREMENTAL /NOLOGO /LIBPATH:"C:\Program Files (x86)\Microsoft Visual Studio 12.0\VC\UnitTest\lib" kernel32.lib user32.lib gdi32.lib winspool.lib comdlg32.lib advapi32.lib shell32.lib ole32.lib oleaut32.lib uuid.lib odbc32.lib odbccp32.lib /MANIFEST /MANIFESTUAC:"level='asInvoker' uiAccess='false'" /manifest:embed /DEBUG /PDB:"C:\cygwin64\home\goluch\Taktyk\Debug\UnitTestGameEngines.pdb" /SUBSYSTEM:WINDOWS /TLBID:1 /DYNAMICBASE /NXCOMPAT /IMPLIB:"C:\cygwin64\home\goluch\Taktyk\Debug\UnitTestGameEngines.lib" /MACHINE:X64 /DLL Debug\unittestCaptureGoEngine.obj
         C:\cygwin64\home\goluch\Taktyk\Debug\gameEngines.lib
     1>Debug\unittestCaptureGoEngine.obj : fatal error LNK1112: module machine type 'X86' conflicts with target machine type 'x64'
     1>Done Building Project "C:\cygwin64\home\goluch\Taktyk\UnitTestGameEngines\UnitTestGameEngines.vcxproj" (Rebuild target(s)) -- FAILED.

Build FAILED.

Time Elapsed 00:00:01.29
